[2021-02-23 02:11:23,405] INFO Kafka Connect stopping (org.apache.kafka.connect.runtime.Connect:67)
[2021-02-23 02:11:23,410] INFO Stopping REST server (org.apache.kafka.connect.runtime.rest.RestServer:327)
[2021-02-23 02:11:23,425] INFO Stopped http_8083@497570fb{HTTP/1.1, (http/1.1)}{0.0.0.0:8083} (org.eclipse.jetty.server.AbstractConnector:381)
[2021-02-23 02:11:23,427] INFO node0 Stopped scavenging (org.eclipse.jetty.server.session:149)
[2021-02-23 02:11:23,431] INFO REST server stopped (org.apache.kafka.connect.runtime.rest.RestServer:344)
[2021-02-23 02:11:23,432] INFO Herder stopping (org.apache.kafka.connect.runtime.standalone.StandaloneHerder:102)
[2021-02-23 02:11:23,434] INFO Stopping task QuestIntegration-0 (org.apache.kafka.connect.runtime.Worker:836)
[2021-02-23 02:11:23,435] INFO Stopping task QuestIntegration-1 (org.apache.kafka.connect.runtime.Worker:836)
[2021-02-23 02:11:23,436] INFO Stopping task QuestIntegration-2 (org.apache.kafka.connect.runtime.Worker:836)
[2021-02-23 02:11:23,437] INFO Stopping Rockset Kafka Connect Plugin, waiting for active tasks to complete (rockset.RocksetSinkTask:176)
[2021-02-23 02:11:23,438] INFO Stopping task QuestIntegration-3 (org.apache.kafka.connect.runtime.Worker:836)
[2021-02-23 02:11:23,437] INFO Stopping Rockset Kafka Connect Plugin, waiting for active tasks to complete (rockset.RocksetSinkTask:176)
[2021-02-23 02:11:23,439] INFO Stopped Rockset Kafka Connect Plugin (rockset.RocksetSinkTask:178)
[2021-02-23 02:11:23,442] INFO Stopping task QuestIntegration-4 (org.apache.kafka.connect.runtime.Worker:836)
[2021-02-23 02:11:23,438] INFO Stopping Rockset Kafka Connect Plugin, waiting for active tasks to complete (rockset.RocksetSinkTask:176)
[2021-02-23 02:11:23,444] INFO Stopping task QuestIntegration-5 (org.apache.kafka.connect.runtime.Worker:836)
[2021-02-23 02:11:23,442] INFO [Consumer clientId=connector-consumer-QuestIntegration-1, groupId=connect-QuestIntegration] Revoke previously assigned partitions questTopic-1 (org.apache.kafka.clients.consumer.internals.ConsumerCoordinator:307)
[2021-02-23 02:11:23,440] INFO Stopped Rockset Kafka Connect Plugin (rockset.RocksetSinkTask:178)
[2021-02-23 02:11:23,440] INFO Stopping Rockset Kafka Connect Plugin, waiting for active tasks to complete (rockset.RocksetSinkTask:176)
[2021-02-23 02:11:23,447] INFO [Consumer clientId=connector-consumer-QuestIntegration-1, groupId=connect-QuestIntegration] Member connector-consumer-QuestIntegration-1-ff067abd-16f2-4e0b-93c6-8ae93bd10941 sending LeaveGroup request to coordinator b0-pkc-ep9mm.us-east-2.aws.confluent.cloud:9092 (id: 2147483647 rack: null) due to the consumer is being closed (org.apache.kafka.clients.consumer.internals.AbstractCoordinator:1029)
[2021-02-23 02:11:23,446] INFO Stopping Rockset Kafka Connect Plugin, waiting for active tasks to complete (rockset.RocksetSinkTask:176)
[2021-02-23 02:11:23,446] INFO Stopping task QuestIntegration-6 (org.apache.kafka.connect.runtime.Worker:836)
[2021-02-23 02:11:23,444] INFO Stopping Rockset Kafka Connect Plugin, waiting for active tasks to complete (rockset.RocksetSinkTask:176)
[2021-02-23 02:11:23,444] INFO Stopped Rockset Kafka Connect Plugin (rockset.RocksetSinkTask:178)
[2021-02-23 02:11:23,450] INFO Stopping Rockset Kafka Connect Plugin, waiting for active tasks to complete (rockset.RocksetSinkTask:176)
[2021-02-23 02:11:23,450] INFO Stopped Rockset Kafka Connect Plugin (rockset.RocksetSinkTask:178)
[2021-02-23 02:11:23,450] INFO Stopping task QuestIntegration-7 (org.apache.kafka.connect.runtime.Worker:836)
[2021-02-23 02:11:23,449] INFO Stopped Rockset Kafka Connect Plugin (rockset.RocksetSinkTask:178)
[2021-02-23 02:11:23,453] INFO Stopping task QuestIntegration-8 (org.apache.kafka.connect.runtime.Worker:836)
[2021-02-23 02:11:23,448] INFO [Consumer clientId=connector-consumer-QuestIntegration-0, groupId=connect-QuestIntegration] Revoke previously assigned partitions questTopic-0 (org.apache.kafka.clients.consumer.internals.ConsumerCoordinator:307)
[2021-02-23 02:11:23,447] INFO Stopped Rockset Kafka Connect Plugin (rockset.RocksetSinkTask:178)
[2021-02-23 02:11:23,455] INFO [Consumer clientId=connector-consumer-QuestIntegration-0, groupId=connect-QuestIntegration] Member connector-consumer-QuestIntegration-0-1ab2c0b3-c3c2-4e93-998e-1a97db2c047b sending LeaveGroup request to coordinator b0-pkc-ep9mm.us-east-2.aws.confluent.cloud:9092 (id: 2147483647 rack: null) due to the consumer is being closed (org.apache.kafka.clients.consumer.internals.AbstractCoordinator:1029)
[2021-02-23 02:11:23,456] INFO [Consumer clientId=connector-consumer-QuestIntegration-3, groupId=connect-QuestIntegration] Member connector-consumer-QuestIntegration-3-84d64eea-9a42-4519-ae25-eb960949e3c1 sending LeaveGroup request to coordinator b0-pkc-ep9mm.us-east-2.aws.confluent.cloud:9092 (id: 2147483647 rack: null) due to the consumer is being closed (org.apache.kafka.clients.consumer.internals.AbstractCoordinator:1029)
[2021-02-23 02:11:23,455] INFO Stopping Rockset Kafka Connect Plugin, waiting for active tasks to complete (rockset.RocksetSinkTask:176)
[2021-02-23 02:11:23,455] INFO Stopping task QuestIntegration-9 (org.apache.kafka.connect.runtime.Worker:836)
[2021-02-23 02:11:23,455] INFO [Consumer clientId=connector-consumer-QuestIntegration-5, groupId=connect-QuestIntegration] Member connector-consumer-QuestIntegration-5-098062c5-ac15-479f-99ad-864e812104ce sending LeaveGroup request to coordinator b0-pkc-ep9mm.us-east-2.aws.confluent.cloud:9092 (id: 2147483647 rack: null) due to the consumer is being closed (org.apache.kafka.clients.consumer.internals.AbstractCoordinator:1029)
[2021-02-23 02:11:23,453] INFO Stopping Rockset Kafka Connect Plugin, waiting for active tasks to complete (rockset.RocksetSinkTask:176)
[2021-02-23 02:11:23,459] INFO Stopped Rockset Kafka Connect Plugin (rockset.RocksetSinkTask:178)
[2021-02-23 02:11:23,453] INFO [Consumer clientId=connector-consumer-QuestIntegration-4, groupId=connect-QuestIntegration] Member connector-consumer-QuestIntegration-4-66cc39da-e622-4183-ae2c-912e08cc2408 sending LeaveGroup request to coordinator b0-pkc-ep9mm.us-east-2.aws.confluent.cloud:9092 (id: 2147483647 rack: null) due to the consumer is being closed (org.apache.kafka.clients.consumer.internals.AbstractCoordinator:1029)
[2021-02-23 02:11:23,451] INFO Stopped Rockset Kafka Connect Plugin (rockset.RocksetSinkTask:178)
[2021-02-23 02:11:23,451] INFO [Consumer clientId=connector-consumer-QuestIntegration-2, groupId=connect-QuestIntegration] Member connector-consumer-QuestIntegration-2-bafeac83-9974-46bd-9afe-ad4092f44dba sending LeaveGroup request to coordinator b0-pkc-ep9mm.us-east-2.aws.confluent.cloud:9092 (id: 2147483647 rack: null) due to the consumer is being closed (org.apache.kafka.clients.consumer.internals.AbstractCoordinator:1029)
[2021-02-23 02:11:23,460] INFO [Consumer clientId=connector-consumer-QuestIntegration-6, groupId=connect-QuestIntegration] Member connector-consumer-QuestIntegration-6-3582ce81-db45-450b-92e5-46b4a0076056 sending LeaveGroup request to coordinator b0-pkc-ep9mm.us-east-2.aws.confluent.cloud:9092 (id: 2147483647 rack: null) due to the consumer is being closed (org.apache.kafka.clients.consumer.internals.AbstractCoordinator:1029)
[2021-02-23 02:11:23,459] INFO [Consumer clientId=connector-consumer-QuestIntegration-7, groupId=connect-QuestIntegration] Member connector-consumer-QuestIntegration-7-15672579-749b-421d-b546-a2a3e8a15145 sending LeaveGroup request to coordinator b0-pkc-ep9mm.us-east-2.aws.confluent.cloud:9092 (id: 2147483647 rack: null) due to the consumer is being closed (org.apache.kafka.clients.consumer.internals.AbstractCoordinator:1029)
[2021-02-23 02:11:23,458] INFO Stopping Rockset Kafka Connect Plugin, waiting for active tasks to complete (rockset.RocksetSinkTask:176)
[2021-02-23 02:11:23,457] INFO Stopped Rockset Kafka Connect Plugin (rockset.RocksetSinkTask:178)
[2021-02-23 02:11:23,462] INFO Stopped Rockset Kafka Connect Plugin (rockset.RocksetSinkTask:178)
[2021-02-23 02:11:23,463] INFO [Consumer clientId=connector-consumer-QuestIntegration-8, groupId=connect-QuestIntegration] Member connector-consumer-QuestIntegration-8-101e59d2-fded-4493-9fa8-d0c156a8757b sending LeaveGroup request to coordinator b0-pkc-ep9mm.us-east-2.aws.confluent.cloud:9092 (id: 2147483647 rack: null) due to the consumer is being closed (org.apache.kafka.clients.consumer.internals.AbstractCoordinator:1029)
[2021-02-23 02:11:23,463] INFO [Consumer clientId=connector-consumer-QuestIntegration-9, groupId=connect-QuestIntegration] Member connector-consumer-QuestIntegration-9-2952cf3e-f5cb-4adc-ab99-5ad56151917c sending LeaveGroup request to coordinator b0-pkc-ep9mm.us-east-2.aws.confluent.cloud:9092 (id: 2147483647 rack: null) due to the consumer is being closed (org.apache.kafka.clients.consumer.internals.AbstractCoordinator:1029)
[2021-02-23 02:11:23,490] INFO Metrics scheduler closed (org.apache.kafka.common.metrics.Metrics:668)
[2021-02-23 02:11:23,491] INFO Closing reporter org.apache.kafka.common.metrics.JmxReporter (org.apache.kafka.common.metrics.Metrics:672)
[2021-02-23 02:11:23,491] INFO Metrics reporters closed (org.apache.kafka.common.metrics.Metrics:678)
[2021-02-23 02:11:23,492] INFO Metrics scheduler closed (org.apache.kafka.common.metrics.Metrics:668)
[2021-02-23 02:11:23,493] INFO Closing reporter org.apache.kafka.common.metrics.JmxReporter (org.apache.kafka.common.metrics.Metrics:672)
[2021-02-23 02:11:23,494] INFO Metrics reporters closed (org.apache.kafka.common.metrics.Metrics:678)
[2021-02-23 02:11:23,496] INFO Metrics scheduler closed (org.apache.kafka.common.metrics.Metrics:668)
[2021-02-23 02:11:23,497] INFO Closing reporter org.apache.kafka.common.metrics.JmxReporter (org.apache.kafka.common.metrics.Metrics:672)
[2021-02-23 02:11:23,499] INFO Metrics scheduler closed (org.apache.kafka.common.metrics.Metrics:668)
[2021-02-23 02:11:23,499] INFO Closing reporter org.apache.kafka.common.metrics.JmxReporter (org.apache.kafka.common.metrics.Metrics:672)
[2021-02-23 02:11:23,500] INFO Metrics scheduler closed (org.apache.kafka.common.metrics.Metrics:668)
[2021-02-23 02:11:23,500] INFO Closing reporter org.apache.kafka.common.metrics.JmxReporter (org.apache.kafka.common.metrics.Metrics:672)
[2021-02-23 02:11:23,500] INFO Metrics reporters closed (org.apache.kafka.common.metrics.Metrics:678)
[2021-02-23 02:11:23,502] INFO Metrics reporters closed (org.apache.kafka.common.metrics.Metrics:678)
[2021-02-23 02:11:23,502] INFO Metrics scheduler closed (org.apache.kafka.common.metrics.Metrics:668)
[2021-02-23 02:11:23,503] INFO Metrics reporters closed (org.apache.kafka.common.metrics.Metrics:678)
[2021-02-23 02:11:23,503] INFO Metrics scheduler closed (org.apache.kafka.common.metrics.Metrics:668)
[2021-02-23 02:11:23,503] INFO Closing reporter org.apache.kafka.common.metrics.JmxReporter (org.apache.kafka.common.metrics.Metrics:672)
[2021-02-23 02:11:23,504] INFO Closing reporter org.apache.kafka.common.metrics.JmxReporter (org.apache.kafka.common.metrics.Metrics:672)
[2021-02-23 02:11:23,505] INFO Metrics scheduler closed (org.apache.kafka.common.metrics.Metrics:668)
[2021-02-23 02:11:23,506] INFO Metrics scheduler closed (org.apache.kafka.common.metrics.Metrics:668)
[2021-02-23 02:11:23,506] INFO Closing reporter org.apache.kafka.common.metrics.JmxReporter (org.apache.kafka.common.metrics.Metrics:672)
[2021-02-23 02:11:23,506] INFO Closing reporter org.apache.kafka.common.metrics.JmxReporter (org.apache.kafka.common.metrics.Metrics:672)
[2021-02-23 02:11:23,507] INFO Metrics reporters closed (org.apache.kafka.common.metrics.Metrics:678)
[2021-02-23 02:11:23,507] INFO Metrics reporters closed (org.apache.kafka.common.metrics.Metrics:678)
[2021-02-23 02:11:23,508] INFO Metrics reporters closed (org.apache.kafka.common.metrics.Metrics:678)
[2021-02-23 02:11:23,512] INFO Metrics scheduler closed (org.apache.kafka.common.metrics.Metrics:668)
[2021-02-23 02:11:23,513] INFO Closing reporter org.apache.kafka.common.metrics.JmxReporter (org.apache.kafka.common.metrics.Metrics:672)
[2021-02-23 02:11:23,513] INFO Metrics reporters closed (org.apache.kafka.common.metrics.Metrics:678)
[2021-02-23 02:11:23,515] INFO Metrics reporters closed (org.apache.kafka.common.metrics.Metrics:678)
[2021-02-23 02:11:23,606] INFO App info kafka.consumer for connector-consumer-QuestIntegration-8 unregistered (org.apache.kafka.common.utils.AppInfoParser:83)
[2021-02-23 02:11:23,613] INFO App info kafka.consumer for connector-consumer-QuestIntegration-3 unregistered (org.apache.kafka.common.utils.AppInfoParser:83)
[2021-02-23 02:11:23,617] INFO App info kafka.consumer for connector-consumer-QuestIntegration-7 unregistered (org.apache.kafka.common.utils.AppInfoParser:83)
[2021-02-23 02:11:23,619] INFO App info kafka.consumer for connector-consumer-QuestIntegration-4 unregistered (org.apache.kafka.common.utils.AppInfoParser:83)
[2021-02-23 02:11:23,621] INFO App info kafka.consumer for connector-consumer-QuestIntegration-5 unregistered (org.apache.kafka.common.utils.AppInfoParser:83)
[2021-02-23 02:11:23,622] INFO App info kafka.consumer for connector-consumer-QuestIntegration-2 unregistered (org.apache.kafka.common.utils.AppInfoParser:83)
[2021-02-23 02:11:23,623] INFO App info kafka.consumer for connector-consumer-QuestIntegration-0 unregistered (org.apache.kafka.common.utils.AppInfoParser:83)
[2021-02-23 02:11:23,625] INFO App info kafka.consumer for connector-consumer-QuestIntegration-9 unregistered (org.apache.kafka.common.utils.AppInfoParser:83)
[2021-02-23 02:11:23,627] INFO App info kafka.consumer for connector-consumer-QuestIntegration-6 unregistered (org.apache.kafka.common.utils.AppInfoParser:83)
[2021-02-23 02:11:23,629] INFO App info kafka.consumer for connector-consumer-QuestIntegration-1 unregistered (org.apache.kafka.common.utils.AppInfoParser:83)
[2021-02-23 02:11:23,679] INFO Stopping connector QuestIntegration (org.apache.kafka.connect.runtime.Worker:387)
[2021-02-23 02:11:23,680] INFO Scheduled shutdown for WorkerConnector{id=QuestIntegration} (org.apache.kafka.connect.runtime.WorkerConnector:249)
[2021-02-23 02:11:23,680] INFO Completed shutdown for WorkerConnector{id=QuestIntegration} (org.apache.kafka.connect.runtime.WorkerConnector:269)
[2021-02-23 02:11:23,683] INFO Worker stopping (org.apache.kafka.connect.runtime.Worker:209)
[2021-02-23 02:11:23,684] INFO Stopped FileOffsetBackingStore (org.apache.kafka.connect.storage.FileOffsetBackingStore:66)
[2021-02-23 02:11:23,685] INFO Metrics scheduler closed (org.apache.kafka.common.metrics.Metrics:668)
[2021-02-23 02:11:23,685] INFO Closing reporter org.apache.kafka.common.metrics.JmxReporter (org.apache.kafka.common.metrics.Metrics:672)
[2021-02-23 02:11:23,686] INFO Metrics reporters closed (org.apache.kafka.common.metrics.Metrics:678)
[2021-02-23 02:11:23,687] INFO App info kafka.connect for 127.0.1.1:8083 unregistered (org.apache.kafka.common.utils.AppInfoParser:83)
[2021-02-23 02:11:23,687] INFO Worker stopped (org.apache.kafka.connect.runtime.Worker:230)
[2021-02-23 02:11:23,691] INFO Herder stopped (org.apache.kafka.connect.runtime.standalone.StandaloneHerder:120)
[2021-02-23 02:11:23,691] INFO Kafka Connect stopped (org.apache.kafka.connect.runtime.Connect:72)
